<?xml version="1.0" encoding="UTF-8"?>
<!-- Generated by org.testng.reporters.JUnitReportReporter -->
<testsuite hostname="DESKTOP-19RD164" failures="0" tests="1" name="tests.HavoPipelineDestination" time="22.533" errors="0" timestamp="20 Mar 2024 08:26:05 GMT">
  <testcase classname="tests.HavoPipelineDestination" name="createDestination" time="22.533"/>
</testsuite> <!-- tests.HavoPipelineDestination -->
